c:\users\imobie\source\repos\scrcpyc\scrcpyc\debug\vc142.pdb
c:\users\imobie\source\repos\scrcpyc\scrcpyc\debug\vc142.idb
c:\users\imobie\source\repos\scrcpyc\scrcpyc\debug\stream.obj
c:\users\imobie\source\repos\scrcpyc\scrcpyc\debug\stdatomic.obj
c:\users\imobie\source\repos\scrcpyc\scrcpyc\debug\server.obj
c:\users\imobie\source\repos\scrcpyc\scrcpyc\debug\screen.obj
c:\users\imobie\source\repos\scrcpyc\scrcpyc\debug\scrcpy.obj
c:\users\imobie\source\repos\scrcpyc\scrcpyc\debug\recorder.obj
c:\users\imobie\source\repos\scrcpyc\scrcpyc\debug\receiver.obj
c:\users\imobie\source\repos\scrcpyc\scrcpyc\debug\opengl.obj
c:\users\imobie\source\repos\scrcpyc\scrcpyc\debug\main.obj
c:\users\imobie\source\repos\scrcpyc\scrcpyc\debug\input_manager.obj
c:\users\imobie\source\repos\scrcpyc\scrcpyc\debug\fps_counter.obj
c:\users\imobie\source\repos\scrcpyc\scrcpyc\debug\file_handler.obj
c:\users\imobie\source\repos\scrcpyc\scrcpyc\debug\event_converter.obj
c:\users\imobie\source\repos\scrcpyc\scrcpyc\debug\device_msg.obj
c:\users\imobie\source\repos\scrcpyc\scrcpyc\debug\device.obj
c:\users\imobie\source\repos\scrcpyc\scrcpyc\debug\decoder.obj
c:\users\imobie\source\repos\scrcpyc\scrcpyc\debug\control_msg.obj
c:\users\imobie\source\repos\scrcpyc\scrcpyc\debug\controller.obj
c:\users\imobie\source\repos\scrcpyc\scrcpyc\debug\command.obj
c:\users\imobie\source\repos\scrcpyc\scrcpyc\debug\cli.obj
c:\users\imobie\source\repos\scrcpyc\scrcpyc\debug\video_buffer.obj
c:\users\imobie\source\repos\scrcpyc\scrcpyc\debug\str_util.obj
c:\users\imobie\source\repos\scrcpyc\scrcpyc\debug\net.obj
c:\users\imobie\source\repos\scrcpyc\scrcpyc\debug\tiny_xpm.obj
c:\users\imobie\source\repos\scrcpyc\debug\scrcpyc.pdb
c:\users\imobie\source\repos\scrcpyc\scrcpyc\debug\scrcpyc.tlog\cl.command.1.tlog
c:\users\imobie\source\repos\scrcpyc\scrcpyc\debug\scrcpyc.tlog\cl.read.1.tlog
c:\users\imobie\source\repos\scrcpyc\scrcpyc\debug\scrcpyc.tlog\cl.write.1.tlog
c:\users\imobie\source\repos\scrcpyc\scrcpyc\debug\scrcpyc.tlog\link-cvtres.read.1.tlog
c:\users\imobie\source\repos\scrcpyc\scrcpyc\debug\scrcpyc.tlog\link-cvtres.write.1.tlog
c:\users\imobie\source\repos\scrcpyc\scrcpyc\debug\scrcpyc.tlog\link-rc.read.1.tlog
c:\users\imobie\source\repos\scrcpyc\scrcpyc\debug\scrcpyc.tlog\link-rc.write.1.tlog
c:\users\imobie\source\repos\scrcpyc\scrcpyc\debug\scrcpyc.tlog\link.command.1.tlog
c:\users\imobie\source\repos\scrcpyc\scrcpyc\debug\scrcpyc.tlog\link.read.1.tlog
c:\users\imobie\source\repos\scrcpyc\scrcpyc\debug\scrcpyc.tlog\link.write.1.tlog
