c:\users\imobie\source\repos\scrcpyc\scrcpyc\x64\debug\vc142.pdb
c:\users\imobie\source\repos\scrcpyc\scrcpyc\x64\debug\vc142.idb
c:\users\imobie\source\repos\scrcpyc\scrcpyc\x64\debug\stream.obj
c:\users\imobie\source\repos\scrcpyc\scrcpyc\x64\debug\stdatomic.obj
c:\users\imobie\source\repos\scrcpyc\scrcpyc\x64\debug\screen.obj
c:\users\imobie\source\repos\scrcpyc\scrcpyc\x64\debug\recorder.obj
c:\users\imobie\source\repos\scrcpyc\scrcpyc\x64\debug\receiver.obj
c:\users\imobie\source\repos\scrcpyc\scrcpyc\x64\debug\input_manager.obj
c:\users\imobie\source\repos\scrcpyc\scrcpyc\x64\debug\fps_counter.obj
c:\users\imobie\source\repos\scrcpyc\scrcpyc\x64\debug\file_handler.obj
c:\users\imobie\source\repos\scrcpyc\scrcpyc\x64\debug\event_converter.obj
c:\users\imobie\source\repos\scrcpyc\scrcpyc\x64\debug\device_msg.obj
c:\users\imobie\source\repos\scrcpyc\scrcpyc\x64\debug\decoder.obj
c:\users\imobie\source\repos\scrcpyc\scrcpyc\x64\debug\control_msg.obj
c:\users\imobie\source\repos\scrcpyc\scrcpyc\x64\debug\controller.obj
c:\users\imobie\source\repos\scrcpyc\scrcpyc\x64\debug\cli.obj
c:\users\imobie\source\repos\scrcpyc\scrcpyc\x64\debug\video_buffer.obj
c:\users\imobie\source\repos\scrcpyc\scrcpyc\x64\debug\str_util.obj
c:\users\imobie\source\repos\scrcpyc\scrcpyc\x64\debug\net.obj
c:\users\imobie\source\repos\scrcpyc\scrcpyc\x64\debug\tiny_xpm.obj
c:\users\imobie\source\repos\scrcpyc\scrcpyc\x64\debug\scrcpyc.tlog\cl.command.1.tlog
c:\users\imobie\source\repos\scrcpyc\scrcpyc\x64\debug\scrcpyc.tlog\cl.read.1.tlog
c:\users\imobie\source\repos\scrcpyc\scrcpyc\x64\debug\scrcpyc.tlog\cl.write.1.tlog
