  adb.c
F:\GitHub\ScrcpyWinC\ScrcpyC\src\adb.c(130,21): warning C4146: 一元负运算符应用于无符号类型，结果仍为无符号类型
F:\GitHub\ScrcpyWinC\ScrcpyC\src\adb.c(181,17): warning C4090: “函数”: 不同的“const”限定符
F:\GitHub\ScrcpyWinC\ScrcpyC\src\adb.c(212,11): warning C4090: “函数”: 不同的“const”限定符
F:\GitHub\ScrcpyWinC\ScrcpyC\src\adb.c(279,25): warning C4047: “return”:“bool”与“void *”的间接级别不同
F:\GitHub\ScrcpyWinC\ScrcpyC\src\adb.c(284,25): warning C4047: “return”:“bool”与“void *”的间接级别不同
F:\GitHub\ScrcpyWinC\ScrcpyC\src\adb.c(307,25): warning C4047: “return”:“bool”与“void *”的间接级别不同
F:\GitHub\ScrcpyWinC\ScrcpyC\src\adb.c(417,14): warning C4098: “adb_devices”:“void”函数返回值
F:\GitHub\ScrcpyWinC\ScrcpyC\src\adb.c(426,14): warning C4098: “adb_devices”:“void”函数返回值
F:\GitHub\ScrcpyWinC\ScrcpyC\src\adb.c(456,34): warning C4090: “函数”: 不同的“const”限定符
F:\GitHub\ScrcpyWinC\ScrcpyC\src\adb.c(461,43): warning C4090: “函数”: 不同的“const”限定符
  adb_parser.c
  adb_tunnel.c
  cli.c
F:\GitHub\ScrcpyWinC\ScrcpyC\src\cli.c(643,32): warning C4090: “=”: 不同的“const”限定符
F:\GitHub\ScrcpyWinC\ScrcpyC\src\cli.c(812,16): warning C4013: “isatty”未定义；假设外部返回 int
  clock.c
  command.c
F:\GitHub\ScrcpyWinC\ScrcpyC\src\command.c(119,19): warning C4090: “函数”: 不同的“const”限定符
  compat.c
  controller.c
  control_msg.c
F:\GitHub\ScrcpyWinC\ScrcpyC\src\util\buffer_util.h(12,19): warning C4244: “=”: 从“uint16_t”转换到“uint8_t”，可能丢失数据
F:\GitHub\ScrcpyWinC\ScrcpyC\src\control_msg.c(76,30): warning C4267: “函数”: 从“size_t”转换到“uint32_t”，可能丢失数据
F:\GitHub\ScrcpyWinC\ScrcpyC\src\control_msg.c(84,1): warning C4244: “初始化”: 从“float”转换到“uint32_t”，可能丢失数据
F:\GitHub\ScrcpyWinC\ScrcpyC\src\control_msg.c(170,23): warning C4146: 一元负运算符应用于无符号类型，结果仍为无符号类型
F:\GitHub\ScrcpyWinC\ScrcpyC\src\control_msg.c(170,49): warning C4146: 一元负运算符应用于无符号类型，结果仍为无符号类型
F:\GitHub\ScrcpyWinC\ScrcpyC\src\control_msg.c(172,1): warning C4146: 一元负运算符应用于无符号类型，结果仍为无符号类型
  decoder.c
F:\GitHub\ScrcpyWinC\ScrcpyC\ffmpeg43_win64\include\libavutil\rational.h(1,1): warning C4819: 该文件包含不能在当前代码页(936)中表示的字符。请将该文件保存为 Unicode 格式以防止数据丢失
  device_msg.c
F:\GitHub\ScrcpyWinC\ScrcpyC\src\util\buffer_util.h(12,19): warning C4244: “=”: 从“uint16_t”转换到“uint8_t”，可能丢失数据
F:\GitHub\ScrcpyWinC\ScrcpyC\src\device_msg.c(36,37): warning C4267: “return”: 从“size_t”转换到“ssize_t”，可能丢失数据
  file_handler.c
  fps_counter.c
F:\GitHub\ScrcpyWinC\ScrcpyC\src\fps_counter.c(69,1): warning C4244: “初始化”: 从“sc_tick”转换到“uint32_t”，可能丢失数据
F:\GitHub\ScrcpyWinC\ScrcpyC\src\fps_counter.c(85,48): warning C4244: “函数”: 从“sc_tick”转换到“uint32_t”，可能丢失数据
F:\GitHub\ScrcpyWinC\ScrcpyC\src\fps_counter.c(166,40): warning C4244: “函数”: 从“sc_tick”转换到“uint32_t”，可能丢失数据
F:\GitHub\ScrcpyWinC\ScrcpyC\src\fps_counter.c(179,40): warning C4244: “函数”: 从“sc_tick”转换到“uint32_t”，可能丢失数据
  frame_buffer.c
F:\GitHub\ScrcpyWinC\ScrcpyC\ffmpeg43_win64\include\libavutil\rational.h(1,1): warning C4819: 该文件包含不能在当前代码页(936)中表示的字符。请将该文件保存为 Unicode 格式以防止数据丢失
  getopt.c
  icon.c
F:\GitHub\ScrcpyWinC\ScrcpyC\ffmpeg43_win64\include\libavutil\rational.h(1,1): warning C4819: 该文件包含不能在当前代码页(936)中表示的字符。请将该文件保存为 Unicode 格式以防止数据丢失
  input_manager.c
F:\GitHub\ScrcpyWinC\ScrcpyC\ffmpeg43_win64\include\libavutil\rational.h(1,1): warning C4819: 该文件包含不能在当前代码页(936)中表示的字符。请将该文件保存为 Unicode 格式以防止数据丢失
F:\GitHub\ScrcpyWinC\ScrcpyC\src\input_manager.c(351,41): warning C4146: 一元负运算符应用于无符号类型，结果仍为无符号类型
  keyboard_inject.c
  main.c
F:\GitHub\ScrcpyWinC\ScrcpyC\ffmpeg43_win64\include\libavutil\rational.h(1,1): warning C4819: 该文件包含不能在当前代码页(936)中表示的字符。请将该文件保存为 Unicode 格式以防止数据丢失
  mouse_inject.c
F:\GitHub\ScrcpyWinC\ScrcpyC\ffmpeg43_win64\include\libavutil\rational.h(1,1): warning C4819: 该文件包含不能在当前代码页(936)中表示的字符。请将该文件保存为 Unicode 格式以防止数据丢失
F:\GitHub\ScrcpyWinC\ScrcpyC\src\mouse_inject.c(74,41): warning C4146: 一元负运算符应用于无符号类型，结果仍为无符号类型
F:\GitHub\ScrcpyWinC\ScrcpyC\src\mouse_inject.c(101,1): warning C4244: “初始化”: 从“const float”转换到“int32_t”，可能丢失数据
F:\GitHub\ScrcpyWinC\ScrcpyC\src\mouse_inject.c(102,1): warning C4244: “初始化”: 从“const float”转换到“int32_t”，可能丢失数据
F:\GitHub\ScrcpyWinC\ScrcpyC\src\mouse_inject.c(120,41): warning C4146: 一元负运算符应用于无符号类型，结果仍为无符号类型
  正在生成代码...
  正在编译...
  opengl.c
  options.c
  receiver.c
F:\GitHub\ScrcpyWinC\ScrcpyC\src\receiver.c(63,24): warning C4267: “return”: 从“size_t”转换到“ssize_t”，可能丢失数据
F:\GitHub\ScrcpyWinC\ScrcpyC\src\receiver.c(72,24): warning C4267: “return”: 从“size_t”转换到“ssize_t”，可能丢失数据
  recorder.c
F:\GitHub\ScrcpyWinC\ScrcpyC\ffmpeg43_win64\include\libavutil\rational.h(1,1): warning C4819: 该文件包含不能在当前代码页(936)中表示的字符。请将该文件保存为 Unicode 格式以防止数据丢失
  scrcpy.c
F:\GitHub\ScrcpyWinC\ScrcpyC\ffmpeg43_win64\include\libavutil\rational.h(1,1): warning C4819: 该文件包含不能在当前代码页(936)中表示的字符。请将该文件保存为 Unicode 格式以防止数据丢失
  screen.c
F:\GitHub\ScrcpyWinC\ScrcpyC\ffmpeg43_win64\include\libavutil\rational.h(1,1): warning C4819: 该文件包含不能在当前代码页(936)中表示的字符。请将该文件保存为 Unicode 格式以防止数据丢失
  server.c
  stdatomic.c
  stream.c
F:\GitHub\ScrcpyWinC\ScrcpyC\ffmpeg43_win64\include\libavutil\rational.h(1,1): warning C4819: 该文件包含不能在当前代码页(936)中表示的字符。请将该文件保存为 Unicode 格式以防止数据丢失
F:\GitHub\ScrcpyWinC\ScrcpyC\src\util\buffer_util.h(12,19): warning C4244: “=”: 从“uint16_t”转换到“uint8_t”，可能丢失数据
F:\GitHub\ScrcpyWinC\ScrcpyC\src\stream.c(41,5): warning C4146: 一元负运算符应用于无符号类型，结果仍为无符号类型
F:\GitHub\ScrcpyWinC\ScrcpyC\src\stream.c(55,26): warning C4146: 一元负运算符应用于无符号类型，结果仍为无符号类型
  acksync.c
  file.c
  intmap.c
  intr.c
  log.c
  net.c
F:\GitHub\ScrcpyWinC\ScrcpyC\src\util\net.c(124,34): warning C4133: “函数”: 从“char *”到“LPWSTR”的类型不兼容
F:\GitHub\ScrcpyWinC\ScrcpyC\src\util\net.c(222,35): warning C4267: “函数”: 从“size_t”转换到“int”，可能丢失数据
F:\GitHub\ScrcpyWinC\ScrcpyC\src\util\net.c(228,35): warning C4267: “函数”: 从“size_t”转换到“int”，可能丢失数据
F:\GitHub\ScrcpyWinC\ScrcpyC\src\util\net.c(234,35): warning C4267: “函数”: 从“size_t”转换到“int”，可能丢失数据
F:\GitHub\ScrcpyWinC\ScrcpyC\src\util\net.c(249,18): warning C4267: “return”: 从“size_t”转换到“ssize_t”，可能丢失数据
  net_intr.c
  process.c
F:\GitHub\ScrcpyWinC\ScrcpyC\src\util\process.c(17,29): warning C4013: “sc_str_join”未定义；假设外部返回 int
F:\GitHub\ScrcpyWinC\ScrcpyC\src\util\process.c(230,18): warning C4267: “return”: 从“size_t”转换到“ssize_t”，可能丢失数据
F:\GitHub\ScrcpyWinC\ScrcpyC\src\util\process.c(238,16): warning C4146: 一元负运算符应用于无符号类型，结果仍为无符号类型
F:\GitHub\ScrcpyWinC\ScrcpyC\src\util\process.c(325,34): warning C4267: “函数”: 从“size_t”转换到“DWORD”，可能丢失数据
  process_intr.c
  str.c
  strbuf.c
  正在生成代码...
  正在编译...
  str_util.c
  term.c
  thread.c
F:\GitHub\ScrcpyWinC\ScrcpyC\src\util\thread.c(135,1): warning C4244: “初始化”: 从“sc_tick”转换到“uint32_t”，可能丢失数据
  tick.c
  v4l2_sink.c
F:\GitHub\ScrcpyWinC\ScrcpyC\ffmpeg43_win64\include\libavutil\rational.h(1,1): warning C4819: 该文件包含不能在当前代码页(936)中表示的字符。请将该文件保存为 Unicode 格式以防止数据丢失
  video_buffer.c
F:\GitHub\ScrcpyWinC\ScrcpyC\ffmpeg43_win64\include\libavutil\rational.h(1,1): warning C4819: 该文件包含不能在当前代码页(936)中表示的字符。请将该文件保存为 Unicode 格式以防止数据丢失
  正在生成代码...
  ScrcpyC.vcxproj -> F:\GitHub\ScrcpyWinC\x64\Debug\ScrcpyC.exe
